<?xml version="1.0" encoding="UTF-8"?>
<!-- Generated by org.testng.reporters.JUnitXMLReporter -->
<testsuite hostname="HJD11053" name="Test" tests="3" failures="0" timestamp="18 Dec 2019 07:58:12 GMT" time="1.053" errors="0">
  <testcase name="getMethodstatuscode" time="1.008" classname="HttpMethodTetscases.GetMethodwithOutheadersTestcases"/>
  <testcase name="getMethodValidateJsonData" time="0.012" classname="HttpMethodTetscases.GetMethodwithOutheadersTestcases"/>
  <testcase name="getMethodValidateHeaders" time="0.001" classname="HttpMethodTetscases.GetMethodwithOutheadersTestcases"/>
</testsuite> <!-- Test -->
